Build started 2012-11-29 오전 3:41:48.
     1>Project "F:\cygwin\11\3\Practice11_3_[2012003095]\Practice11_3_[2012003095]\Practice11_3_[2012003095].vcxproj" on node 2 (build target(s)).
     1>InitializeBuildStatus:
         Creating "Debug\Practice11_3_[2012003095].unsuccessfulbuild" because "AlwaysCreate" was specified.
       ClCompile:
         C:\Program Files (x86)\Microsoft Visual Studio 10.0\VC\bin\CL.exe /c /ZI /nologo /W3 /WX- /Od /Oy- /D WIN32 /D _DEBUG /D _CONSOLE /D _UNICODE /D UNICODE /Gm /EHsc /RTC1 /MDd /GS /fp:precise /Zc:wchar_t /Zc:forScope /Fo"Debug\\" /Fd"Debug\vc100.pdb" /Gd /TP /analyze- /errorReport:prompt main.cpp
         main.cpp
     1>f:\cygwin\11\3\practice11_3_[2012003095]\practice11_3_[2012003095]\account.h(74): warning C4244: 'initializing' : conversion from 'double' to 'unsigned int', possible loss of data
       ManifestResourceCompile:
         All outputs are up-to-date.
       Link:
         C:\Program Files (x86)\Microsoft Visual Studio 10.0\VC\bin\link.exe /ERRORREPORT:PROMPT /OUT:"F:\cygwin\11\3\Practice11_3_[2012003095]\Debug\Practice11_3_[2012003095].exe" /INCREMENTAL /NOLOGO kernel32.lib user32.lib gdi32.lib winspool.lib comdlg32.lib advapi32.lib shell32.lib ole32.lib oleaut32.lib uuid.lib odbc32.lib odbccp32.lib /MANIFEST /ManifestFile:"Debug\Practice11_3_[2012003095].exe.intermediate.manifest" /MANIFESTUAC:"level='asInvoker' uiAccess='false'" /DEBUG /PDB:"F:\cygwin\11\3\Practice11_3_[2012003095]\Debug\Practice11_3_[2012003095].pdb" /SUBSYSTEM:CONSOLE /TLBID:1 /DYNAMICBASE /NXCOMPAT /IMPLIB:"F:\cygwin\11\3\Practice11_3_[2012003095]\Debug\Practice11_3_[2012003095].lib" /MACHINE:X86 "Debug\Practice11_3_[2012003095].exe.embed.manifest.res"
         Debug\account.obj
         Debug\main.obj
       Manifest:
         C:\Program Files (x86)\Microsoft SDKs\Windows\v7.0A\bin\mt.exe /nologo /verbose /out:"Debug\Practice11_3_[2012003095].exe.embed.manifest" /manifest "Debug\Practice11_3_[2012003095].exe.intermediate.manifest"
         All outputs are up-to-date.
       LinkEmbedManifest:
         All outputs are up-to-date.
         Practice11_3_[2012003095].vcxproj -> F:\cygwin\11\3\Practice11_3_[2012003095]\Debug\Practice11_3_[2012003095].exe
       FinalizeBuildStatus:
         Deleting file "Debug\Practice11_3_[2012003095].unsuccessfulbuild".
         Touching "Debug\Practice11_3_[2012003095].lastbuildstate".
     1>Done Building Project "F:\cygwin\11\3\Practice11_3_[2012003095]\Practice11_3_[2012003095]\Practice11_3_[2012003095].vcxproj" (build target(s)).

Build succeeded.

Time Elapsed 00:00:01.49
